A D/erlang-p1_iconv////
A D/kdesupport////
A D/kdesupport2////
A D/libwps03////
A D/orcus////
A D/orcus0.8////
A D/p5-jcode////
A D/php4-iconv////
A D/pkg////
A D/py-cjkcodecs////
A D/py-html2text////
A D/py-koCodecs////
A D/ruby-iconv////
A D/ruby16-iconv////
A D/t1utils////
A D/tex2rtf////
A D/ttf2pt1////
A D/xlHtml-mixedcase////
R D/xlHtml-mixedcase////
R D/ttf2pt1////
R D/tex2rtf////
R D/t1utils////
R D/ruby16-iconv////
R D/ruby-iconv////
R D/py-koCodecs////
R D/py-html2text////
R D/py-cjkcodecs////
R D/pkg////
R D/php4-iconv////
R D/p5-jcode////
R D/orcus0.8////
R D/orcus////
R D/libwps03////
R D/kdesupport2////
R D/kdesupport////
R D/erlang-p1_iconv////
